MIF/HEX Update report for finalProject
Sun Apr 02 18:24:13 2017
Quartus II 32-bit Version 13.0.1 Build 232 06/12/2013 Service Pack 1 SJ Web Edition


---------------------
; Table of Contents ;
---------------------
  1. Legal Notice
  2. MIF/HEX Update Summary
  3. MIF/HEX Update Processed Files
  4. MIF/HEX Update Messages



----------------
; Legal Notice ;
----------------
Copyright (C) 1991-2013 Altera Corporation
Your use of Altera Corporation's design tools, logic functions 
and other software and tools, and its AMPP partner logic 
functions, and any output files from any of the foregoing 
(including device programming or simulation files), and any 
associated documentation or information are expressly subject 
to the terms and conditions of the Altera Program License 
Subscription Agreement, Altera MegaCore Function License 
Agreement, or other applicable license agreement, including, 
without limitation, that your use is for the sole purpose of 
programming logic devices manufactured by Altera and sold by 
Altera or its authorized distributors.  Please refer to the 
applicable agreement for further details.



+---------------------------------------------------------------+
; MIF/HEX Update Summary                                        ;
+-----------------------+---------------------------------------+
; MIF/HEX Update Status ; Successful - Sun Apr 02 18:24:13 2017 ;
; Revision Name         ; finalProject                          ;
; Top-level Entity Name ; phase4                                ;
; Family                ; Cyclone III                           ;
; Device                ; EP3C16F484C6                          ;
+-----------------------+---------------------------------------+


+-----------------------------------------------------------+
; MIF/HEX Update Processed Files                            ;
+-----------------------------------------------------------+
; File Name                                                 ;
+-----------------------------------------------------------+
; C:/Users/luke/Documents/ELEC374_RISC_Computer/ram_mif.mif ;
+-----------------------------------------------------------+


+-------------------------+
; MIF/HEX Update Messages ;
+-------------------------+
Info: *******************************************************************
Info: Running Quartus II 32-bit MIF/HEX Update
    Info: Version 13.0.1 Build 232 06/12/2013 Service Pack 1 SJ Web Edition
    Info: Processing started: Sun Apr 02 18:24:09 2017
Info: Command: quartus_cdb finalProject -c finalProject --update_mif
Critical Warning (127005): Memory depth (512) in the design file differs from memory depth (256) in the Memory Initialization File "C:/Users/luke/Documents/ELEC374_RISC_Computer/ram_mif.mif" -- setting initial value for remaining addresses to 0
Info (39024): Processed the following Memory Initialization File(s)
    Info (39025): Processed Memory Initialization File C:/Users/luke/Documents/ELEC374_RISC_Computer/ram_mif.mif
Info: Quartus II 32-bit MIF/HEX Update was successful. 0 errors, 1 warning
    Info: Peak virtual memory: 395 megabytes
    Info: Processing ended: Sun Apr 02 18:24:13 2017
    Info: Elapsed time: 00:00:04
    Info: Total CPU time (on all processors): 00:00:04


